{"name":"Register Succesfult","id":"aprendizinfo;register-succesfult","testSteps":[{"number":1,"description":"Given i enter corrects for login in the page\r\n| id | pass |\r\n| 1058546792 | 1058546792 |","duration":6197,"startTime":"2023-09-12T00:55:41.221-05:00[America/Bogota]","exception":{"errorType":"net.thucydides.core.webdriver.exceptions.ElementShouldBeEnabledException","message":"Expected enabled element was not enabled","stackTrace":[{"declaringClass":"tasks.LoginTasks","methodName":"performAs","fileName":"LoginTasks.java","lineNumber":20},{"declaringClass":"com.co.seguimientos.stepsdefinitions.AprendiceInfoStepsDefinitions","methodName":"iEnterCorrectsForLoginInThePage","fileName":"AprendiceInfoStepsDefinitions.java","lineNumber":17},{"declaringClass":"cucumber.runner.Runner","methodName":"runPickle","fileName":"Runner.java","lineNumber":80},{"declaringClass":"worker.org.gradle.process.internal.worker.GradleWorkerMain","methodName":"run","fileName":"GradleWorkerMain.java","lineNumber":69},{"declaringClass":"worker.org.gradle.process.internal.worker.GradleWorkerMain","methodName":"main","fileName":"GradleWorkerMain.java","lineNumber":74}],"rootCause":{"errorType":"org.openqa.selenium.TimeoutException","message":"Expected condition failed: waiting for By.xpath: //a[@href\u003d\"#/login\"] to be enabled (tried for 5 second(s) with 100 milliseconds interval)","stackTrace":[{"declaringClass":"tasks.LoginTasks","methodName":"performAs","fileName":"LoginTasks.java","lineNumber":20},{"declaringClass":"com.co.seguimientos.stepsdefinitions.AprendiceInfoStepsDefinitions","methodName":"iEnterCorrectsForLoginInThePage","fileName":"AprendiceInfoStepsDefinitions.java","lineNumber":17},{"declaringClass":"cucumber.runner.Runner","methodName":"runPickle","fileName":"Runner.java","lineNumber":80},{"declaringClass":"worker.org.gradle.process.internal.worker.GradleWorkerMain","methodName":"run","fileName":"GradleWorkerMain.java","lineNumber":69},{"declaringClass":"worker.org.gradle.process.internal.worker.GradleWorkerMain","methodName":"main","fileName":"GradleWorkerMain.java","lineNumber":74}],"rootCause":{"errorType":"org.openqa.selenium.NoSuchElementException","message":"no such element: Unable to locate element: {\"method\":\"xpath\",\"selector\":\"//a[@href\u003d\"#/login\"]\"}\n  (Session info: chrome\u003d116.0.5845.180)\nFor documentation on this error, please visit: https://www.seleniumhq.org/exceptions/no_such_element.html\nBuild info: version: \u00273.141.59\u0027, revision: \u0027e82be7d358\u0027, time: \u00272018-11-14T08:17:03\u0027\nSystem info: host: \u0027DESKTOP-EBETFGH\u0027, ip: \u0027192.168.101.3\u0027, os.name: \u0027Windows 10\u0027, os.arch: \u0027amd64\u0027, os.version: \u002710.0\u0027, java.version: \u00271.8.0_161\u0027\nDriver info: org.openqa.selenium.chrome.ChromeDriver\nCapabilities {acceptInsecureCerts: false, browserName: chrome, browserVersion: 116.0.5845.180, chrome: {chromedriverVersion: 116.0.5845.96 (1a3918166880..., userDataDir: C:\\Users\\SENA\\AppData\\Local...}, fedcm:accounts: true, goog:chromeOptions: {debuggerAddress: localhost:58707}, javascriptEnabled: true, networkConnectionEnabled: false, pageLoadStrategy: normal, platform: WINDOWS, platformName: WINDOWS, proxy: Proxy(), setWindowRect: true, strictFileInteractability: false, timeouts: {implicit: 0, pageLoad: 300000, script: 30000}, unhandledPromptBehavior: dismiss and notify, webauthn:extension:credBlob: true, webauthn:extension:largeBlob: true, webauthn:extension:minPinLength: true, webauthn:extension:prf: true, webauthn:virtualAuthenticators: true}\nSession ID: 74db3ffd03a9c1fd749bcbe394681712\n*** Element info: {Using\u003dxpath, value\u003d//a[@href\u003d\"#/login\"]}","stackTrace":[{"declaringClass":"tasks.LoginTasks","methodName":"performAs","fileName":"LoginTasks.java","lineNumber":20},{"declaringClass":"com.co.seguimientos.stepsdefinitions.AprendiceInfoStepsDefinitions","methodName":"iEnterCorrectsForLoginInThePage","fileName":"AprendiceInfoStepsDefinitions.java","lineNumber":17},{"declaringClass":"cucumber.runner.Runner","methodName":"runPickle","fileName":"Runner.java","lineNumber":80},{"declaringClass":"worker.org.gradle.process.internal.worker.GradleWorkerMain","methodName":"run","fileName":"GradleWorkerMain.java","lineNumber":69},{"declaringClass":"worker.org.gradle.process.internal.worker.GradleWorkerMain","methodName":"main","fileName":"GradleWorkerMain.java","lineNumber":74}]}}},"result":"FAILURE","precondition":false,"level":0,"children":[{"number":2,"description":"User login tasks","duration":5672,"startTime":"2023-09-12T00:55:41.717-05:00[America/Bogota]","exception":{"errorType":"net.thucydides.core.webdriver.exceptions.ElementShouldBeEnabledException","message":"Expected enabled element was not enabled","stackTrace":[{"declaringClass":"tasks.LoginTasks","methodName":"performAs","fileName":"LoginTasks.java","lineNumber":20},{"declaringClass":"com.co.seguimientos.stepsdefinitions.AprendiceInfoStepsDefinitions","methodName":"iEnterCorrectsForLoginInThePage","fileName":"AprendiceInfoStepsDefinitions.java","lineNumber":17},{"declaringClass":"cucumber.runner.Runner","methodName":"runPickle","fileName":"Runner.java","lineNumber":80},{"declaringClass":"worker.org.gradle.process.internal.worker.GradleWorkerMain","methodName":"run","fileName":"GradleWorkerMain.java","lineNumber":69},{"declaringClass":"worker.org.gradle.process.internal.worker.GradleWorkerMain","methodName":"main","fileName":"GradleWorkerMain.java","lineNumber":74}],"rootCause":{"errorType":"org.openqa.selenium.TimeoutException","message":"Expected condition failed: waiting for By.xpath: //a[@href\u003d\"#/login\"] to be enabled (tried for 5 second(s) with 100 milliseconds interval)","stackTrace":[{"declaringClass":"tasks.LoginTasks","methodName":"performAs","fileName":"LoginTasks.java","lineNumber":20},{"declaringClass":"com.co.seguimientos.stepsdefinitions.AprendiceInfoStepsDefinitions","methodName":"iEnterCorrectsForLoginInThePage","fileName":"AprendiceInfoStepsDefinitions.java","lineNumber":17},{"declaringClass":"cucumber.runner.Runner","methodName":"runPickle","fileName":"Runner.java","lineNumber":80},{"declaringClass":"worker.org.gradle.process.internal.worker.GradleWorkerMain","methodName":"run","fileName":"GradleWorkerMain.java","lineNumber":69},{"declaringClass":"worker.org.gradle.process.internal.worker.GradleWorkerMain","methodName":"main","fileName":"GradleWorkerMain.java","lineNumber":74}],"rootCause":{"errorType":"org.openqa.selenium.NoSuchElementException","message":"no such element: Unable to locate element: {\"method\":\"xpath\",\"selector\":\"//a[@href\u003d\"#/login\"]\"}\n  (Session info: chrome\u003d116.0.5845.180)\nFor documentation on this error, please visit: https://www.seleniumhq.org/exceptions/no_such_element.html\nBuild info: version: \u00273.141.59\u0027, revision: \u0027e82be7d358\u0027, time: \u00272018-11-14T08:17:03\u0027\nSystem info: host: \u0027DESKTOP-EBETFGH\u0027, ip: \u0027192.168.101.3\u0027, os.name: \u0027Windows 10\u0027, os.arch: \u0027amd64\u0027, os.version: \u002710.0\u0027, java.version: \u00271.8.0_161\u0027\nDriver info: org.openqa.selenium.chrome.ChromeDriver\nCapabilities {acceptInsecureCerts: false, browserName: chrome, browserVersion: 116.0.5845.180, chrome: {chromedriverVersion: 116.0.5845.96 (1a3918166880..., userDataDir: C:\\Users\\SENA\\AppData\\Local...}, fedcm:accounts: true, goog:chromeOptions: {debuggerAddress: localhost:58707}, javascriptEnabled: true, networkConnectionEnabled: false, pageLoadStrategy: normal, platform: WINDOWS, platformName: WINDOWS, proxy: Proxy(), setWindowRect: true, strictFileInteractability: false, timeouts: {implicit: 0, pageLoad: 300000, script: 30000}, unhandledPromptBehavior: dismiss and notify, webauthn:extension:credBlob: true, webauthn:extension:largeBlob: true, webauthn:extension:minPinLength: true, webauthn:extension:prf: true, webauthn:virtualAuthenticators: true}\nSession ID: 74db3ffd03a9c1fd749bcbe394681712\n*** Element info: {Using\u003dxpath, value\u003d//a[@href\u003d\"#/login\"]}","stackTrace":[{"declaringClass":"tasks.LoginTasks","methodName":"performAs","fileName":"LoginTasks.java","lineNumber":20},{"declaringClass":"com.co.seguimientos.stepsdefinitions.AprendiceInfoStepsDefinitions","methodName":"iEnterCorrectsForLoginInThePage","fileName":"AprendiceInfoStepsDefinitions.java","lineNumber":17},{"declaringClass":"cucumber.runner.Runner","methodName":"runPickle","fileName":"Runner.java","lineNumber":80},{"declaringClass":"worker.org.gradle.process.internal.worker.GradleWorkerMain","methodName":"run","fileName":"GradleWorkerMain.java","lineNumber":69},{"declaringClass":"worker.org.gradle.process.internal.worker.GradleWorkerMain","methodName":"main","fileName":"GradleWorkerMain.java","lineNumber":74}]}}},"result":"FAILURE","precondition":false,"level":1,"children":[{"number":3,"description":"user clicks on Ir al modulo login","duration":5585,"startTime":"2023-09-12T00:55:41.764-05:00[America/Bogota]","screenshots":[{"screenshot":"9e83e37834b6d07b8f40c87cabb0c6fa8e678201720a99063ed68384ad7e932e.png","htmlSource":"pagesource8252403554359351940.html.txt","timeStamp":1694498147329}],"exception":{"errorType":"net.thucydides.core.webdriver.exceptions.ElementShouldBeEnabledException","message":"Expected enabled element was not enabled","stackTrace":[{"declaringClass":"tasks.LoginTasks","methodName":"performAs","fileName":"LoginTasks.java","lineNumber":20},{"declaringClass":"com.co.seguimientos.stepsdefinitions.AprendiceInfoStepsDefinitions","methodName":"iEnterCorrectsForLoginInThePage","fileName":"AprendiceInfoStepsDefinitions.java","lineNumber":17},{"declaringClass":"cucumber.runner.Runner","methodName":"runPickle","fileName":"Runner.java","lineNumber":80},{"declaringClass":"worker.org.gradle.process.internal.worker.GradleWorkerMain","methodName":"run","fileName":"GradleWorkerMain.java","lineNumber":69},{"declaringClass":"worker.org.gradle.process.internal.worker.GradleWorkerMain","methodName":"main","fileName":"GradleWorkerMain.java","lineNumber":74}],"rootCause":{"errorType":"org.openqa.selenium.TimeoutException","message":"Expected condition failed: waiting for By.xpath: //a[@href\u003d\"#/login\"] to be enabled (tried for 5 second(s) with 100 milliseconds interval)","stackTrace":[{"declaringClass":"tasks.LoginTasks","methodName":"performAs","fileName":"LoginTasks.java","lineNumber":20},{"declaringClass":"com.co.seguimientos.stepsdefinitions.AprendiceInfoStepsDefinitions","methodName":"iEnterCorrectsForLoginInThePage","fileName":"AprendiceInfoStepsDefinitions.java","lineNumber":17},{"declaringClass":"cucumber.runner.Runner","methodName":"runPickle","fileName":"Runner.java","lineNumber":80},{"declaringClass":"worker.org.gradle.process.internal.worker.GradleWorkerMain","methodName":"run","fileName":"GradleWorkerMain.java","lineNumber":69},{"declaringClass":"worker.org.gradle.process.internal.worker.GradleWorkerMain","methodName":"main","fileName":"GradleWorkerMain.java","lineNumber":74}],"rootCause":{"errorType":"org.openqa.selenium.NoSuchElementException","message":"no such element: Unable to locate element: {\"method\":\"xpath\",\"selector\":\"//a[@href\u003d\"#/login\"]\"}\n  (Session info: chrome\u003d116.0.5845.180)\nFor documentation on this error, please visit: https://www.seleniumhq.org/exceptions/no_such_element.html\nBuild info: version: \u00273.141.59\u0027, revision: \u0027e82be7d358\u0027, time: \u00272018-11-14T08:17:03\u0027\nSystem info: host: \u0027DESKTOP-EBETFGH\u0027, ip: \u0027192.168.101.3\u0027, os.name: \u0027Windows 10\u0027, os.arch: \u0027amd64\u0027, os.version: \u002710.0\u0027, java.version: \u00271.8.0_161\u0027\nDriver info: org.openqa.selenium.chrome.ChromeDriver\nCapabilities {acceptInsecureCerts: false, browserName: chrome, browserVersion: 116.0.5845.180, chrome: {chromedriverVersion: 116.0.5845.96 (1a3918166880..., userDataDir: C:\\Users\\SENA\\AppData\\Local...}, fedcm:accounts: true, goog:chromeOptions: {debuggerAddress: localhost:58707}, javascriptEnabled: true, networkConnectionEnabled: false, pageLoadStrategy: normal, platform: WINDOWS, platformName: WINDOWS, proxy: Proxy(), setWindowRect: true, strictFileInteractability: false, timeouts: {implicit: 0, pageLoad: 300000, script: 30000}, unhandledPromptBehavior: dismiss and notify, webauthn:extension:credBlob: true, webauthn:extension:largeBlob: true, webauthn:extension:minPinLength: true, webauthn:extension:prf: true, webauthn:virtualAuthenticators: true}\nSession ID: 74db3ffd03a9c1fd749bcbe394681712\n*** Element info: {Using\u003dxpath, value\u003d//a[@href\u003d\"#/login\"]}","stackTrace":[{"declaringClass":"tasks.LoginTasks","methodName":"performAs","fileName":"LoginTasks.java","lineNumber":20},{"declaringClass":"com.co.seguimientos.stepsdefinitions.AprendiceInfoStepsDefinitions","methodName":"iEnterCorrectsForLoginInThePage","fileName":"AprendiceInfoStepsDefinitions.java","lineNumber":17},{"declaringClass":"cucumber.runner.Runner","methodName":"runPickle","fileName":"Runner.java","lineNumber":80},{"declaringClass":"worker.org.gradle.process.internal.worker.GradleWorkerMain","methodName":"run","fileName":"GradleWorkerMain.java","lineNumber":69},{"declaringClass":"worker.org.gradle.process.internal.worker.GradleWorkerMain","methodName":"main","fileName":"GradleWorkerMain.java","lineNumber":74}]}}},"result":"FAILURE","precondition":false,"level":2}]}]},{"number":4,"description":"When i enter dates for to aggregate a new aprencice","duration":18,"startTime":"2023-09-12T00:55:47.463-05:00[America/Bogota]","result":"SKIPPED","precondition":false,"level":0},{"number":5,"description":"Then i will see the aprendice created","duration":23,"startTime":"2023-09-12T00:55:47.483-05:00[America/Bogota]","result":"SKIPPED","precondition":false,"level":0}],"userStory":{"id":"aprendizinfo","storyName":"AprendizInfo","path":"src/test/resources/features/AprendizInfo.feature","narrative":"  i need edit an view info of the aprendice","type":"feature"},"featureTag":{"name":"Features/AprendizInfo","type":"feature","displayName":"Features/AprendizInfo"},"title":"Register Succesfult","tags":[{"name":"AprendizInfo","type":"feature","displayName":"AprendizInfo"}],"startTime":"2023-09-12T00:55:40.868-05:00[America/Bogota]","duration":6641,"testFailureCause":{"errorType":"net.thucydides.core.webdriver.exceptions.ElementShouldBeEnabledException","message":"Expected enabled element was not enabled","stackTrace":[{"declaringClass":"tasks.LoginTasks","methodName":"performAs","fileName":"LoginTasks.java","lineNumber":20},{"declaringClass":"com.co.seguimientos.stepsdefinitions.AprendiceInfoStepsDefinitions","methodName":"iEnterCorrectsForLoginInThePage","fileName":"AprendiceInfoStepsDefinitions.java","lineNumber":17},{"declaringClass":"cucumber.runner.Runner","methodName":"runPickle","fileName":"Runner.java","lineNumber":80},{"declaringClass":"worker.org.gradle.process.internal.worker.GradleWorkerMain","methodName":"run","fileName":"GradleWorkerMain.java","lineNumber":69},{"declaringClass":"worker.org.gradle.process.internal.worker.GradleWorkerMain","methodName":"main","fileName":"GradleWorkerMain.java","lineNumber":74}],"rootCause":{"errorType":"org.openqa.selenium.TimeoutException","message":"Expected condition failed: waiting for By.xpath: //a[@href\u003d\"#/login\"] to be enabled (tried for 5 second(s) with 100 milliseconds interval)","stackTrace":[{"declaringClass":"tasks.LoginTasks","methodName":"performAs","fileName":"LoginTasks.java","lineNumber":20},{"declaringClass":"com.co.seguimientos.stepsdefinitions.AprendiceInfoStepsDefinitions","methodName":"iEnterCorrectsForLoginInThePage","fileName":"AprendiceInfoStepsDefinitions.java","lineNumber":17},{"declaringClass":"cucumber.runner.Runner","methodName":"runPickle","fileName":"Runner.java","lineNumber":80},{"declaringClass":"worker.org.gradle.process.internal.worker.GradleWorkerMain","methodName":"run","fileName":"GradleWorkerMain.java","lineNumber":69},{"declaringClass":"worker.org.gradle.process.internal.worker.GradleWorkerMain","methodName":"main","fileName":"GradleWorkerMain.java","lineNumber":74}],"rootCause":{"errorType":"org.openqa.selenium.NoSuchElementException","message":"no such element: Unable to locate element: {\"method\":\"xpath\",\"selector\":\"//a[@href\u003d\"#/login\"]\"}\n  (Session info: chrome\u003d116.0.5845.180)\nFor documentation on this error, please visit: https://www.seleniumhq.org/exceptions/no_such_element.html\nBuild info: version: \u00273.141.59\u0027, revision: \u0027e82be7d358\u0027, time: \u00272018-11-14T08:17:03\u0027\nSystem info: host: \u0027DESKTOP-EBETFGH\u0027, ip: \u0027192.168.101.3\u0027, os.name: \u0027Windows 10\u0027, os.arch: \u0027amd64\u0027, os.version: \u002710.0\u0027, java.version: \u00271.8.0_161\u0027\nDriver info: org.openqa.selenium.chrome.ChromeDriver\nCapabilities {acceptInsecureCerts: false, browserName: chrome, browserVersion: 116.0.5845.180, chrome: {chromedriverVersion: 116.0.5845.96 (1a3918166880..., userDataDir: C:\\Users\\SENA\\AppData\\Local...}, fedcm:accounts: true, goog:chromeOptions: {debuggerAddress: localhost:58707}, javascriptEnabled: true, networkConnectionEnabled: false, pageLoadStrategy: normal, platform: WINDOWS, platformName: WINDOWS, proxy: Proxy(), setWindowRect: true, strictFileInteractability: false, timeouts: {implicit: 0, pageLoad: 300000, script: 30000}, unhandledPromptBehavior: dismiss and notify, webauthn:extension:credBlob: true, webauthn:extension:largeBlob: true, webauthn:extension:minPinLength: true, webauthn:extension:prf: true, webauthn:virtualAuthenticators: true}\nSession ID: 74db3ffd03a9c1fd749bcbe394681712\n*** Element info: {Using\u003dxpath, value\u003d//a[@href\u003d\"#/login\"]}","stackTrace":[{"declaringClass":"tasks.LoginTasks","methodName":"performAs","fileName":"LoginTasks.java","lineNumber":20},{"declaringClass":"com.co.seguimientos.stepsdefinitions.AprendiceInfoStepsDefinitions","methodName":"iEnterCorrectsForLoginInThePage","fileName":"AprendiceInfoStepsDefinitions.java","lineNumber":17},{"declaringClass":"cucumber.runner.Runner","methodName":"runPickle","fileName":"Runner.java","lineNumber":80},{"declaringClass":"worker.org.gradle.process.internal.worker.GradleWorkerMain","methodName":"run","fileName":"GradleWorkerMain.java","lineNumber":69},{"declaringClass":"worker.org.gradle.process.internal.worker.GradleWorkerMain","methodName":"main","fileName":"GradleWorkerMain.java","lineNumber":74}]}}},"testFailureClassname":"net.thucydides.core.webdriver.exceptions.ElementShouldBeEnabledException","testFailureMessage":"Expected enabled element was not enabled","testFailureSummary":"FAILURE;net.thucydides.core.webdriver.exceptions.ElementShouldBeEnabledException;Expected enabled element was not enabled;LoginTasks.java","projectKey":"","annotatedResult":"FAILURE","sessionId":"74db3ffd03a9c1fd749bcbe394681712","driver":"chrome","isManualTestingUpToDate":false,"manual":false,"testSource":"Cucumber","actors":[{"name":"user","can":["browse the web"]}],"result":"FAILURE"}